#!/bin/4/steinwald

　00. Hello World.

　あの頃、ぼくたちは世界のあらゆる場所から戦争を無くそうとして戦った。
　太平洋で。
　大西洋で。
　地中海で。
　ベトナムで。
　日本で。
　ドイツで。
　北極で。
　地上で。
　海底で。
　地下で。
　宇宙で。
　世界地図から交差する銃のシンボルを無くそうとし、国境で燃え盛る炎のシンボルを消そうとし、新たなドクロのシンボルが描きこまれないようにしようとした。
　ぼくたちみんながなんとかしようと必死だった。
　あれから、いくつもの国が消え、いくつもの国が独立した。
　世界地図は塗り替わり、描き代わり、移り変わった。
　世界地図は、いまや一枚ではない。
　世界はレトロなアニメのセル画のように何枚もの地図が重なっていて、それぞれに蜘蛛の巣のように境界線が引かれている。
　セル画は何枚も、何枚も、何枚も重なっていて、空気遠近法のように白濁し、何枚重なっているのかもわからず、何枚まで見えているのかもわからない。
　あれからも戦って、戦って、戦い続けたぼくたちには、平和と戦争はポーランドチェッカーの白と黒の四角のように入り混じっている。
　世界地図のあらゆる場所に数えきれないほどの争いがあり、ぼくたちは全員で顔を合わせる暇は無くなった。
　ぼくたちは散らばって戦った。
　朝鮮半島で。
　アイルランドで。
　アフガニスタンで。
　カシミールで。
　キプロスで。
　ソマリアで。
　チェチェンで。
　イスラエルで。
　ユーゴスラビアで。
　ルワンダで。
　インドシナ半島で。
　チベットで。
　南極で。
　アブハジアで。
　コンゴで。
　イラクで。
　グルジアで。
　シリアで。
　ぼくは世界地図のいたるところに行って、そして行ききれなかった。
　ぼくは普通の人々が歩くよりも、車で走るよりも、飛行機で飛ぶよりも、なお早くたどり着けるけれども、いちどきに沢山の場所にいることはできなかった。
　ぼくたちは、いちどきに、たったの九箇所の争いにしか介入できなかった。
　ぼくたちみんなが、考え、飛んで、耳を澄ませ、壁を破り、耐えて、癒し、隠れて、戦って、走った。
　ぼくたちみんなが、何度も無力さに打ちひしがれ、立ち上がることを繰り返した。
　ぼくたちみんなが、仲間が増えることを願って。
　ぼくたちみんなが、仲間が増えないことを祈って。

　世界地図からシンボルは消せただろうか。
